d:\hr-second=semester=2023\computer graphics\programmingassigment5\openglmesh\obj\x64\debug\vc143.pdb
d:\hr-second=semester=2023\computer graphics\programmingassigment5\openglmesh\obj\x64\debug\vc143.idb
d:\hr-second=semester=2023\computer graphics\programmingassigment5\openglmesh\obj\x64\debug\vbo.obj
d:\hr-second=semester=2023\computer graphics\programmingassigment5\openglmesh\obj\x64\debug\vao.obj
d:\hr-second=semester=2023\computer graphics\programmingassigment5\openglmesh\obj\x64\debug\texture.obj
d:\hr-second=semester=2023\computer graphics\programmingassigment5\openglmesh\obj\x64\debug\stb.obj
d:\hr-second=semester=2023\computer graphics\programmingassigment5\openglmesh\obj\x64\debug\shaderclass.obj
d:\hr-second=semester=2023\computer graphics\programmingassigment5\openglmesh\obj\x64\debug\maincamera.obj
d:\hr-second=semester=2023\computer graphics\programmingassigment5\openglmesh\obj\x64\debug\game.obj
d:\hr-second=semester=2023\computer graphics\programmingassigment5\openglmesh\obj\x64\debug\ebo.obj
d:\hr-second=semester=2023\computer graphics\programmingassigment5\openglmesh\obj\x64\debug\camera.obj
d:\hr-second=semester=2023\computer graphics\programmingassigment5\openglmesh\obj\x64\debug\main.obj
d:\hr-second=semester=2023\computer graphics\programmingassigment5\openglmesh\obj\x64\debug\ecs.obj
d:\hr-second=semester=2023\computer graphics\programmingassigment5\openglmesh\obj\x64\debug\cameracomponent.obj
d:\hr-second=semester=2023\computer graphics\programmingassigment5\openglmesh\obj\x64\debug\glad.obj
d:\hr-second=semester=2023\computer graphics\programmingassigment5\openglmesh\obj\x64\debug\openglmeshes.ilk
d:\hr-second=semester=2023\computer graphics\programmingassigment5\openglmesh\bin\debug\x86_64\openglmeshes.exe
d:\hr-second=semester=2023\computer graphics\programmingassigment5\openglmesh\bin\debug\x86_64\openglmeshes.pdb
d:\hr-second=semester=2023\computer graphics\programmingassigment5\openglmesh\obj\x64\debug\openglmeshes.tlog\cl.command.1.tlog
d:\hr-second=semester=2023\computer graphics\programmingassigment5\openglmesh\obj\x64\debug\openglmeshes.tlog\cl.items.tlog
d:\hr-second=semester=2023\computer graphics\programmingassigment5\openglmesh\obj\x64\debug\openglmeshes.tlog\cl.read.1.tlog
d:\hr-second=semester=2023\computer graphics\programmingassigment5\openglmesh\obj\x64\debug\openglmeshes.tlog\cl.write.1.tlog
d:\hr-second=semester=2023\computer graphics\programmingassigment5\openglmesh\obj\x64\debug\openglmeshes.tlog\link.command.1.tlog
d:\hr-second=semester=2023\computer graphics\programmingassigment5\openglmesh\obj\x64\debug\openglmeshes.tlog\link.read.1.tlog
d:\hr-second=semester=2023\computer graphics\programmingassigment5\openglmesh\obj\x64\debug\openglmeshes.tlog\link.write.1.tlog
